<?xml version="1.0" encoding="UTF-8"?>
<!-- Generated by org.testng.reporters.JUnitXMLReporter -->
<testsuite hostname="admin-PC" name="Test" tests="1" failures="1" timestamp="24 May 2016 09:36:36 GMT" time="46.858" errors="0">
  <testcase name="@AfterClass tearDown" time="0.0" classname="com.testcases.toyrus.TestSite01">
    <failure type="java.lang.NullPointerException">
      <![CDATA[java.lang.NullPointerException
	at com.testbase.toyrus.TestBaseSetup.tearDown(TestBaseSetup.java:78)
... Removed 25 stack frames]]>
    </failure>
  </testcase> <!-- @AfterClass tearDown -->
  <testcase name="loginTest" time="0.047" classname="com.testcases.toyrus.TestSite01">
    <failure type="java.lang.NullPointerException">
      <![CDATA[java.lang.NullPointerException
	at org.openqa.selenium.support.pagefactory.DefaultElementLocator.findElement(DefaultElementLocator.java:69)
	at org.openqa.selenium.support.pagefactory.internal.LocatingElementHandler.invoke(LocatingElementHandler.java:38)
	at com.sun.proxy.$Proxy8.isDisplayed(Unknown Source)
	at com.pageobjects.toyrus.HomePage.clickOnMyAccount_SignInLink(HomePage.java:78)
	at com.pageobjects.toyrus.HomePage.selectOptionFromMyAcoount_SignInList(HomePage.java:98)
	at com.pageobjects.toyrus.HomePage.clickonSignInLink(HomePage.java:116)
	at com.testcases.toyrus.TestSite01.loginTest(TestSite01.java:21)
... Removed 25 stack frames]]>
    </failure>
  </testcase> <!-- loginTest -->
</testsuite> <!-- Test -->
